<?xml version="1.0" encoding="UTF-8"?>
<testng-results ignored="0" total="1" passed="1" failed="0" skipped="0">
  <reporter-output>
  </reporter-output>
  <suite started-at="2024-07-08T21:54:32 PDT" name="Test Suite" finished-at="2024-07-08T21:54:46 PDT" duration-ms="13360">
    <groups>
    </groups>
    <test started-at="2024-07-08T21:54:32 PDT" name="Your Test" finished-at="2024-07-08T21:54:46 PDT" duration-ms="13360">
      <class name="androidMobiletest.TestCalculator">
        <test-method is-config="true" signature="setUp()[pri:0, instance:androidMobiletest.TestCalculator@2f1de2d6]" started-at="2024-07-08T21:54:32 PDT" name="setUp" finished-at="2024-07-08T21:54:42 PDT" duration-ms="9301" status="PASS">
          <reporter-output>
          </reporter-output>
        </test-method> <!-- setUp -->
        <test-method signature="testAddition()[pri:0, instance:androidMobiletest.TestCalculator@2f1de2d6]" started-at="2024-07-08T21:54:42 PDT" name="testAddition" finished-at="2024-07-08T21:54:45 PDT" duration-ms="3221" status="PASS">
          <reporter-output>
          </reporter-output>
        </test-method> <!-- testAddition -->
        <test-method is-config="true" signature="tearDown()[pri:0, instance:androidMobiletest.TestCalculator@2f1de2d6]" started-at="2024-07-08T21:54:45 PDT" name="tearDown" finished-at="2024-07-08T21:54:46 PDT" duration-ms="773" status="PASS">
          <reporter-output>
          </reporter-output>
        </test-method> <!-- tearDown -->
      </class> <!-- androidMobiletest.TestCalculator -->
    </test> <!-- Your Test -->
  </suite> <!-- Test Suite -->
</testng-results>
